CRITICAL - 2023-05-11 18:29:46 --> Too few arguments to function App\Controllers\Pages::forum(), 0 passed in C:\Users\cangeus\Desktop\kese\system\CodeIgniter.php on line 934 and exactly 1 expected
in APPPATH\Controllers\Pages.php on line 24.
 1 SYSTEMPATH\CodeIgniter.php(934): App\Controllers\Pages->forum()
 2 SYSTEMPATH\CodeIgniter.php(499): CodeIgniter\CodeIgniter->runController(Object(App\Controllers\Pages))
 3 SYSTEMPATH\CodeIgniter.php(368): CodeIgniter\CodeIgniter->handleRequest(null, Object(Config\Cache), false)
 4 FCPATH\index.php(67): CodeIgniter\CodeIgniter->run()
 5 SYSTEMPATH\Commands\Server\rewrite.php(47): require_once('C:\\Users\\cangeus\\Desktop\\kese\\public\\index.php')
CRITICAL - 2023-05-11 18:30:24 --> Too few arguments to function App\Controllers\Pages::forum(), 0 passed in C:\Users\cangeus\Desktop\kese\system\CodeIgniter.php on line 934 and exactly 1 expected
in APPPATH\Controllers\Pages.php on line 24.
 1 SYSTEMPATH\CodeIgniter.php(934): App\Controllers\Pages->forum()
 2 SYSTEMPATH\CodeIgniter.php(499): CodeIgniter\CodeIgniter->runController(Object(App\Controllers\Pages))
 3 SYSTEMPATH\CodeIgniter.php(368): CodeIgniter\CodeIgniter->handleRequest(null, Object(Config\Cache), false)
 4 FCPATH\index.php(67): CodeIgniter\CodeIgniter->run()
 5 SYSTEMPATH\Commands\Server\rewrite.php(47): require_once('C:\\Users\\cangeus\\Desktop\\kese\\public\\index.php')
CRITICAL - 2023-05-11 18:37:12 --> Too few arguments to function App\Controllers\Pages::forum(), 0 passed in C:\Users\cangeus\Desktop\kese\system\CodeIgniter.php on line 934 and exactly 1 expected
in APPPATH\Controllers\Pages.php on line 24.
 1 SYSTEMPATH\CodeIgniter.php(934): App\Controllers\Pages->forum()
 2 SYSTEMPATH\CodeIgniter.php(499): CodeIgniter\CodeIgniter->runController(Object(App\Controllers\Pages))
 3 SYSTEMPATH\CodeIgniter.php(368): CodeIgniter\CodeIgniter->handleRequest(null, Object(Config\Cache), false)
 4 FCPATH\index.php(67): CodeIgniter\CodeIgniter->run()
 5 SYSTEMPATH\Commands\Server\rewrite.php(47): require_once('C:\\Users\\cangeus\\Desktop\\kese\\public\\index.php')
